<?xml version="1.0" encoding="UTF-8"?>
<!-- Generated by org.testng.reporters.JUnitReportReporter -->
<testsuite hostname="K_Anderson" failures="0" tests="15" name="testCases.TC02_Login" time="50.443" errors="0" timestamp="2025-05-19T11:41:42 EDT" skipped="0">
  <testcase classname="testCases.TC02_Login" name="testLogin" time="2.224"/>
  <testcase classname="testCases.TC02_Login" name="testLogin" time="3.739"/>
  <testcase classname="testCases.TC02_Login" name="testLogin" time="2.315"/>
  <testcase classname="testCases.TC02_Login" name="testLogin" time="4.573"/>
  <testcase classname="testCases.TC02_Login" name="testLogin" time="3.279"/>
  <testcase classname="testCases.TC02_Login" name="testLogin" time="3.593"/>
  <testcase classname="testCases.TC02_Login" name="testLogin" time="3.820"/>
  <testcase classname="testCases.TC02_Login" name="testLogin" time="3.318"/>
  <testcase classname="testCases.TC02_Login" name="testLogin" time="5.850"/>
  <testcase classname="testCases.TC02_Login" name="testLogin" time="3.026"/>
  <testcase classname="testCases.TC02_Login" name="testLogin" time="2.167"/>
  <testcase classname="testCases.TC02_Login" name="testLogin" time="3.455"/>
  <testcase classname="testCases.TC02_Login" name="testLogin" time="3.925"/>
  <testcase classname="testCases.TC02_Login" name="testLogin" time="3.371"/>
  <testcase classname="testCases.TC02_Login" name="testLogin" time="1.788"/>
</testsuite> <!-- testCases.TC02_Login -->
