<?xml version="1.0" encoding="UTF-8"?>
<!-- Generated by org.testng.reporters.JUnitReportReporter -->
<testsuite hostname="K_Anderson" failures="0" tests="3" name="testCases.TC05_AddToWishList" time="39.676" errors="0" timestamp="2025-05-19T11:41:42 EDT" skipped="0">
  <testcase classname="testCases.TC05_AddToWishList" name="testAddToWishList" time="17.956"/>
  <testcase classname="testCases.TC05_AddToWishList" name="testAddToWishList" time="5.908"/>
  <testcase classname="testCases.TC05_AddToWishList" name="testAddToWishList" time="15.812"/>
</testsuite> <!-- testCases.TC05_AddToWishList -->
