<?xml version="1.0" encoding="UTF-8"?>
<!-- Generated by org.testng.reporters.JUnitReportReporter -->
<testsuite hostname="K_Anderson" failures="0" tests="3" name="testCases.TC06_AddAffiliate" time="24.759" errors="0" timestamp="2025-05-19T11:41:42 EDT" skipped="0">
  <testcase classname="testCases.TC06_AddAffiliate" name="testAddAffiliate" time="8.912"/>
  <testcase classname="testCases.TC06_AddAffiliate" name="testAddAffiliate" time="8.972"/>
  <testcase classname="testCases.TC06_AddAffiliate" name="testAddAffiliate" time="6.875"/>
</testsuite> <!-- testCases.TC06_AddAffiliate -->
