<?xml version="1.0" encoding="UTF-8"?>
<!-- Generated by org.testng.reporters.JUnitReportReporter -->
<testsuite hostname="K_Anderson" failures="0" tests="3" name="testCases.TC03_AddToCart" time="22.138" errors="0" timestamp="2025-05-19T11:41:42 EDT" skipped="0">
  <testcase classname="testCases.TC03_AddToCart" name="testAddToCart" time="6.618"/>
  <testcase classname="testCases.TC03_AddToCart" name="testAddToCart" time="7.882"/>
  <testcase classname="testCases.TC03_AddToCart" name="testAddToCart" time="7.638"/>
</testsuite> <!-- testCases.TC03_AddToCart -->
