<?xml version="1.0" encoding="UTF-8"?>
<!-- Generated by org.testng.reporters.JUnitReportReporter -->
<testsuite hostname="K_Anderson" failures="0" tests="15" name="testCases.TC02_Login" time="48.100" errors="0" timestamp="2025-05-20T17:47:27 EDT" skipped="0">
  <testcase classname="testCases.TC02_Login" name="testLogin" time="3.117"/>
  <testcase classname="testCases.TC02_Login" name="testLogin" time="2.848"/>
  <testcase classname="testCases.TC02_Login" name="testLogin" time="3.176"/>
  <testcase classname="testCases.TC02_Login" name="testLogin" time="3.447"/>
  <testcase classname="testCases.TC02_Login" name="testLogin" time="2.800"/>
  <testcase classname="testCases.TC02_Login" name="testLogin" time="2.350"/>
  <testcase classname="testCases.TC02_Login" name="testLogin" time="3.627"/>
  <testcase classname="testCases.TC02_Login" name="testLogin" time="3.347"/>
  <testcase classname="testCases.TC02_Login" name="testLogin" time="3.047"/>
  <testcase classname="testCases.TC02_Login" name="testLogin" time="4.049"/>
  <testcase classname="testCases.TC02_Login" name="testLogin" time="2.338"/>
  <testcase classname="testCases.TC02_Login" name="testLogin" time="2.261"/>
  <testcase classname="testCases.TC02_Login" name="testLogin" time="3.579"/>
  <testcase classname="testCases.TC02_Login" name="testLogin" time="2.847"/>
  <testcase classname="testCases.TC02_Login" name="testLogin" time="5.267"/>
</testsuite> <!-- testCases.TC02_Login -->
