<?xml version="1.0" encoding="UTF-8"?>
<!-- Generated by org.testng.reporters.JUnitReportReporter -->
<testsuite hostname="K_Anderson" failures="0" tests="3" name="testCases.TC03_AddToCart" time="19.096" errors="0" timestamp="2025-05-20T17:47:27 EDT" skipped="0">
  <testcase classname="testCases.TC03_AddToCart" name="testAddToCart" time="6.233"/>
  <testcase classname="testCases.TC03_AddToCart" name="testAddToCart" time="6.890"/>
  <testcase classname="testCases.TC03_AddToCart" name="testAddToCart" time="5.973"/>
</testsuite> <!-- testCases.TC03_AddToCart -->
