<?xml version="1.0" encoding="UTF-8"?>
<!-- Generated by org.testng.reporters.JUnitReportReporter -->
<testsuite hostname="K_Anderson" failures="0" tests="3" name="testCases.TC01_LaunchApplication" time="1.501" errors="0" timestamp="2025-05-20T17:47:27 EDT" skipped="0">
  <testcase classname="testCases.TC01_LaunchApplication" name="testLaunchApplication" time="0.094"/>
  <testcase classname="testCases.TC01_LaunchApplication" name="testLaunchApplication" time="0.029"/>
  <testcase classname="testCases.TC01_LaunchApplication" name="testLaunchApplication" time="1.378"/>
</testsuite> <!-- testCases.TC01_LaunchApplication -->
