<?xml version="1.0" encoding="UTF-8"?>
<!-- Generated by org.testng.reporters.JUnitReportReporter -->
<testsuite hostname="K_Anderson" failures="0" tests="3" name="testCases.TC06_AddAffiliate" time="17.443" errors="0" timestamp="2025-05-20T17:47:27 EDT" skipped="0">
  <testcase classname="testCases.TC06_AddAffiliate" name="testAddAffiliate" time="5.713"/>
  <testcase classname="testCases.TC06_AddAffiliate" name="testAddAffiliate" time="4.949"/>
  <testcase classname="testCases.TC06_AddAffiliate" name="testAddAffiliate" time="6.781"/>
</testsuite> <!-- testCases.TC06_AddAffiliate -->
